<?xml version="1.0" encoding="UTF-8"?>
<!-- Generated by org.testng.reporters.JUnitReportReporter -->
<testsuite hostname="LAPTOP-G32GGVN8" failures="0" tests="2" name="CICD_Pract.CICD_Pract.CICD_Practice" time="8.334" errors="0" timestamp="2021-05-01T08:15:42 IST" skipped="0">
  <testcase classname="CICD_Pract.CICD_Pract.CICD_Practice" name="Login" time="1.074"/>
  <system-out/>
  <testcase classname="CICD_Pract.CICD_Pract.CICD_Practice" name="LaunchDriver" time="7.260"/>
  <system-out/>
</testsuite> <!-- CICD_Pract.CICD_Pract.CICD_Practice -->
